2023-03-27T08:46:31.006593+0200 DEBUG Bracket ID 0:
| budget  | pending | waiting |  done   |
-----------------------------------------
|  10.00  |   26    |    1    |    0    |
|  30.00  |    9    |    0    |    0    |
|  90.00  |    3    |    0    |    0    |
| 270.00  |    1    |    0    |    0    |
-----------------------------------------
2023-03-27T08:46:31.013467+0200 DEBUG Collecting 1 of the 1 job(s) active.
2023-03-27T08:46:58.693056+0200 DEBUG Bracket ID 0:
| budget  | pending | waiting |  done   |
-----------------------------------------
|  10.00  |   25    |    1    |    1    |
|  30.00  |    9    |    0    |    0    |
|  90.00  |    3    |    0    |    0    |
| 270.00  |    1    |    0    |    0    |
-----------------------------------------
2023-03-27T08:46:58.699851+0200 DEBUG Collecting 1 of the 1 job(s) active.
2023-03-27T08:47:00.444962+0200 DEBUG Bracket ID 0:
| budget  | pending | waiting |  done   |
-----------------------------------------
|  10.00  |   24    |    1    |    2    |
|  30.00  |    9    |    0    |    0    |
|  90.00  |    3    |    0    |    0    |
| 270.00  |    1    |    0    |    0    |
-----------------------------------------
2023-03-27T08:47:00.451597+0200 DEBUG Collecting 1 of the 1 job(s) active.
2023-03-27T08:47:27.767979+0200 DEBUG Bracket ID 0:
| budget  | pending | waiting |  done   |
-----------------------------------------
|  10.00  |   23    |    1    |    3    |
|  30.00  |    9    |    0    |    0    |
|  90.00  |    3    |    0    |    0    |
| 270.00  |    1    |    0    |    0    |
-----------------------------------------
2023-03-27T08:47:27.774675+0200 DEBUG Collecting 1 of the 1 job(s) active.
2023-03-27T08:47:58.744486+0200 DEBUG Bracket ID 0:
| budget  | pending | waiting |  done   |
-----------------------------------------
|  10.00  |   22    |    1    |    4    |
|  30.00  |    9    |    0    |    0    |
|  90.00  |    3    |    0    |    0    |
| 270.00  |    1    |    0    |    0    |
-----------------------------------------
2023-03-27T08:47:58.751077+0200 DEBUG Collecting 1 of the 1 job(s) active.
2023-03-27T08:48:03.096556+0200 DEBUG Bracket ID 0:
| budget  | pending | waiting |  done   |
-----------------------------------------
|  10.00  |   21    |    1    |    5    |
|  30.00  |    9    |    0    |    0    |
|  90.00  |    3    |    0    |    0    |
| 270.00  |    1    |    0    |    0    |
-----------------------------------------
2023-03-27T08:48:03.102894+0200 DEBUG Collecting 1 of the 1 job(s) active.
2023-03-27T08:48:06.881329+0200 DEBUG Bracket ID 0:
| budget  | pending | waiting |  done   |
-----------------------------------------
|  10.00  |   20    |    1    |    6    |
|  30.00  |    9    |    0    |    0    |
|  90.00  |    3    |    0    |    0    |
| 270.00  |    1    |    0    |    0    |
-----------------------------------------
2023-03-27T08:48:06.887790+0200 DEBUG Collecting 1 of the 1 job(s) active.
2023-03-27T08:48:09.534250+0200 DEBUG Bracket ID 0:
| budget  | pending | waiting |  done   |
-----------------------------------------
|  10.00  |   19    |    1    |    7    |
|  30.00  |    9    |    0    |    0    |
|  90.00  |    3    |    0    |    0    |
| 270.00  |    1    |    0    |    0    |
-----------------------------------------
2023-03-27T08:48:09.540607+0200 DEBUG Collecting 1 of the 1 job(s) active.
2023-03-27T08:48:41.386247+0200 DEBUG Bracket ID 0:
| budget  | pending | waiting |  done   |
-----------------------------------------
|  10.00  |   18    |    1    |    8    |
|  30.00  |    9    |    0    |    0    |
|  90.00  |    3    |    0    |    0    |
| 270.00  |    1    |    0    |    0    |
-----------------------------------------
2023-03-27T08:48:41.392843+0200 DEBUG Collecting 1 of the 1 job(s) active.
2023-03-27T08:48:50.617130+0200 DEBUG Bracket ID 0:
| budget  | pending | waiting |  done   |
-----------------------------------------
|  10.00  |   17    |    1    |    9    |
|  30.00  |    9    |    0    |    0    |
|  90.00  |    3    |    0    |    0    |
| 270.00  |    1    |    0    |    0    |
-----------------------------------------
2023-03-27T08:48:50.623862+0200 DEBUG Collecting 1 of the 1 job(s) active.
2023-03-27T08:49:16.932307+0200 DEBUG Bracket ID 0:
| budget  | pending | waiting |  done   |
-----------------------------------------
|  10.00  |   16    |    1    |   10    |
|  30.00  |    9    |    0    |    0    |
|  90.00  |    3    |    0    |    0    |
| 270.00  |    1    |    0    |    0    |
-----------------------------------------
2023-03-27T08:49:16.938964+0200 DEBUG Collecting 1 of the 1 job(s) active.
2023-03-27T08:49:46.441680+0200 DEBUG Bracket ID 0:
| budget  | pending | waiting |  done   |
-----------------------------------------
|  10.00  |   15    |    1    |   11    |
|  30.00  |    9    |    0    |    0    |
|  90.00  |    3    |    0    |    0    |
| 270.00  |    1    |    0    |    0    |
-----------------------------------------
2023-03-27T08:49:46.448470+0200 DEBUG Collecting 1 of the 1 job(s) active.
2023-03-27T08:50:16.514414+0200 DEBUG Bracket ID 0:
| budget  | pending | waiting |  done   |
-----------------------------------------
|  10.00  |   14    |    1    |   12    |
|  30.00  |    9    |    0    |    0    |
|  90.00  |    3    |    0    |    0    |
| 270.00  |    1    |    0    |    0    |
-----------------------------------------
2023-03-27T08:50:16.520790+0200 DEBUG Collecting 1 of the 1 job(s) active.
2023-03-27T08:50:20.678191+0200 DEBUG Bracket ID 0:
| budget  | pending | waiting |  done   |
-----------------------------------------
|  10.00  |   13    |    1    |   13    |
|  30.00  |    9    |    0    |    0    |
|  90.00  |    3    |    0    |    0    |
| 270.00  |    1    |    0    |    0    |
-----------------------------------------
2023-03-27T08:50:20.684511+0200 DEBUG Collecting 1 of the 1 job(s) active.
2023-03-27T08:50:26.598832+0200 DEBUG Bracket ID 0:
| budget  | pending | waiting |  done   |
-----------------------------------------
|  10.00  |   12    |    1    |   14    |
|  30.00  |    9    |    0    |    0    |
|  90.00  |    3    |    0    |    0    |
| 270.00  |    1    |    0    |    0    |
-----------------------------------------
2023-03-27T08:50:26.605723+0200 DEBUG Collecting 1 of the 1 job(s) active.
2023-03-27T08:50:54.370054+0200 DEBUG Bracket ID 0:
| budget  | pending | waiting |  done   |
-----------------------------------------
|  10.00  |   11    |    1    |   15    |
|  30.00  |    9    |    0    |    0    |
|  90.00  |    3    |    0    |    0    |
| 270.00  |    1    |    0    |    0    |
-----------------------------------------
2023-03-27T08:50:54.376783+0200 DEBUG Collecting 1 of the 1 job(s) active.
2023-03-27T08:50:55.880175+0200 DEBUG Bracket ID 0:
| budget  | pending | waiting |  done   |
-----------------------------------------
|  10.00  |   10    |    1    |   16    |
|  30.00  |    9    |    0    |    0    |
|  90.00  |    3    |    0    |    0    |
| 270.00  |    1    |    0    |    0    |
-----------------------------------------
2023-03-27T08:50:55.886948+0200 DEBUG Collecting 1 of the 1 job(s) active.
2023-03-27T08:51:28.923223+0200 DEBUG Bracket ID 0:
| budget  | pending | waiting |  done   |
-----------------------------------------
|  10.00  |    9    |    1    |   17    |
|  30.00  |    9    |    0    |    0    |
|  90.00  |    3    |    0    |    0    |
| 270.00  |    1    |    0    |    0    |
-----------------------------------------
2023-03-27T08:51:28.929794+0200 DEBUG Collecting 1 of the 1 job(s) active.
2023-03-27T08:51:35.387836+0200 DEBUG Bracket ID 0:
| budget  | pending | waiting |  done   |
-----------------------------------------
|  10.00  |    8    |    1    |   18    |
|  30.00  |    9    |    0    |    0    |
|  90.00  |    3    |    0    |    0    |
| 270.00  |    1    |    0    |    0    |
-----------------------------------------
2023-03-27T08:51:35.394523+0200 DEBUG Collecting 1 of the 1 job(s) active.
2023-03-27T08:51:37.442435+0200 DEBUG Bracket ID 0:
| budget  | pending | waiting |  done   |
-----------------------------------------
|  10.00  |    7    |    1    |   19    |
|  30.00  |    9    |    0    |    0    |
|  90.00  |    3    |    0    |    0    |
| 270.00  |    1    |    0    |    0    |
-----------------------------------------
2023-03-27T08:51:37.449117+0200 DEBUG Collecting 1 of the 1 job(s) active.
2023-03-27T08:51:38.837318+0200 DEBUG Bracket ID 0:
| budget  | pending | waiting |  done   |
-----------------------------------------
|  10.00  |    6    |    1    |   20    |
|  30.00  |    9    |    0    |    0    |
|  90.00  |    3    |    0    |    0    |
| 270.00  |    1    |    0    |    0    |
-----------------------------------------
2023-03-27T08:51:38.843769+0200 DEBUG Collecting 1 of the 1 job(s) active.
2023-03-27T08:51:42.660063+0200 DEBUG Bracket ID 0:
| budget  | pending | waiting |  done   |
-----------------------------------------
|  10.00  |    5    |    1    |   21    |
|  30.00  |    9    |    0    |    0    |
|  90.00  |    3    |    0    |    0    |
| 270.00  |    1    |    0    |    0    |
-----------------------------------------
2023-03-27T08:51:42.666493+0200 DEBUG Collecting 1 of the 1 job(s) active.
2023-03-27T08:51:46.125711+0200 DEBUG Bracket ID 0:
| budget  | pending | waiting |  done   |
-----------------------------------------
|  10.00  |    4    |    1    |   22    |
|  30.00  |    9    |    0    |    0    |
|  90.00  |    3    |    0    |    0    |
| 270.00  |    1    |    0    |    0    |
-----------------------------------------
2023-03-27T08:51:46.132236+0200 DEBUG Collecting 1 of the 1 job(s) active.
2023-03-27T08:52:15.406593+0200 DEBUG Bracket ID 0:
| budget  | pending | waiting |  done   |
-----------------------------------------
|  10.00  |    3    |    1    |   23    |
|  30.00  |    9    |    0    |    0    |
|  90.00  |    3    |    0    |    0    |
| 270.00  |    1    |    0    |    0    |
-----------------------------------------
2023-03-27T08:52:15.413368+0200 DEBUG Collecting 1 of the 1 job(s) active.
2023-03-27T08:52:47.860571+0200 DEBUG Bracket ID 0:
| budget  | pending | waiting |  done   |
-----------------------------------------
|  10.00  |    2    |    1    |   24    |
|  30.00  |    9    |    0    |    0    |
|  90.00  |    3    |    0    |    0    |
| 270.00  |    1    |    0    |    0    |
-----------------------------------------
2023-03-27T08:52:47.867485+0200 DEBUG Collecting 1 of the 1 job(s) active.
2023-03-27T08:52:50.490398+0200 DEBUG Bracket ID 0:
| budget  | pending | waiting |  done   |
-----------------------------------------
|  10.00  |    1    |    1    |   25    |
|  30.00  |    9    |    0    |    0    |
|  90.00  |    3    |    0    |    0    |
| 270.00  |    1    |    0    |    0    |
-----------------------------------------
2023-03-27T08:52:50.497028+0200 DEBUG Collecting 1 of the 1 job(s) active.
2023-03-27T08:53:25.160719+0200 DEBUG Bracket ID 0:
| budget  | pending | waiting |  done   |
-----------------------------------------
|  10.00  |    0    |    1    |   26    |
|  30.00  |    9    |    0    |    0    |
|  90.00  |    3    |    0    |    0    |
| 270.00  |    1    |    0    |    0    |
-----------------------------------------
2023-03-27T08:53:25.167629+0200 DEBUG Collecting 1 of the 1 job(s) active.
2023-03-27T08:53:42.541966+0200 DEBUG Bracket ID 0:
| budget  | pending | waiting |  done   |
-----------------------------------------
|  10.00  |    0    |    0    |   27    |
|  30.00  |    8    |    1    |    0    |
|  90.00  |    3    |    0    |    0    |
| 270.00  |    1    |    0    |    0    |
-----------------------------------------
2023-03-27T08:53:42.548537+0200 DEBUG Collecting 1 of the 1 job(s) active.
2023-03-27T08:53:58.867035+0200 DEBUG Bracket ID 0:
| budget  | pending | waiting |  done   |
-----------------------------------------
|  10.00  |    0    |    0    |   27    |
|  30.00  |    7    |    1    |    1    |
|  90.00  |    3    |    0    |    0    |
| 270.00  |    1    |    0    |    0    |
-----------------------------------------
2023-03-27T08:53:58.873294+0200 DEBUG Collecting 1 of the 1 job(s) active.
2023-03-27T08:54:09.475546+0200 DEBUG Bracket ID 0:
| budget  | pending | waiting |  done   |
-----------------------------------------
|  10.00  |    0    |    0    |   27    |
|  30.00  |    6    |    1    |    2    |
|  90.00  |    3    |    0    |    0    |
| 270.00  |    1    |    0    |    0    |
-----------------------------------------
2023-03-27T08:54:09.481908+0200 DEBUG Collecting 1 of the 1 job(s) active.
2023-03-27T08:54:54.379384+0200 DEBUG Bracket ID 0:
| budget  | pending | waiting |  done   |
-----------------------------------------
|  10.00  |    0    |    0    |   27    |
|  30.00  |    5    |    1    |    3    |
|  90.00  |    3    |    0    |    0    |
| 270.00  |    1    |    0    |    0    |
-----------------------------------------
2023-03-27T08:54:54.386252+0200 DEBUG Collecting 1 of the 1 job(s) active.
2023-03-27T08:55:47.833803+0200 DEBUG Bracket ID 0:
| budget  | pending | waiting |  done   |
-----------------------------------------
| 500.00  |   26    |    1    |    0    |
| 1500.00 |    9    |    0    |    0    |
| 4500.00 |    3    |    0    |    0    |
|13500.00 |    1    |    0    |    0    |
-----------------------------------------
2023-03-27T08:55:47.840660+0200 DEBUG Collecting 1 of the 1 job(s) active.
2023-03-27T08:55:49.223548+0200 DEBUG Bracket ID 0:
| budget  | pending | waiting |  done   |
-----------------------------------------
| 500.00  |   25    |    1    |    1    |
| 1500.00 |    9    |    0    |    0    |
| 4500.00 |    3    |    0    |    0    |
|13500.00 |    1    |    0    |    0    |
-----------------------------------------
2023-03-27T08:55:49.230304+0200 DEBUG Collecting 1 of the 1 job(s) active.
2023-03-27T08:56:21.463240+0200 DEBUG Bracket ID 0:
| budget  | pending | waiting |  done   |
-----------------------------------------
| 500.00  |   24    |    1    |    2    |
| 1500.00 |    9    |    0    |    0    |
| 4500.00 |    3    |    0    |    0    |
|13500.00 |    1    |    0    |    0    |
-----------------------------------------
2023-03-27T08:56:21.471765+0200 DEBUG Collecting 1 of the 1 job(s) active.
2023-03-27T08:56:49.992909+0200 DEBUG Bracket ID 0:
| budget  | pending | waiting |  done   |
-----------------------------------------
| 500.00  |   23    |    1    |    3    |
| 1500.00 |    9    |    0    |    0    |
| 4500.00 |    3    |    0    |    0    |
|13500.00 |    1    |    0    |    0    |
-----------------------------------------
2023-03-27T08:56:50.000921+0200 DEBUG Collecting 1 of the 1 job(s) active.
2023-03-27T08:57:17.916599+0200 DEBUG Bracket ID 0:
| budget  | pending | waiting |  done   |
-----------------------------------------
| 500.00  |   22    |    1    |    4    |
| 1500.00 |    9    |    0    |    0    |
| 4500.00 |    3    |    0    |    0    |
|13500.00 |    1    |    0    |    0    |
-----------------------------------------
2023-03-27T08:57:17.923117+0200 DEBUG Collecting 1 of the 1 job(s) active.
2023-03-27T08:57:20.200861+0200 DEBUG Bracket ID 0:
| budget  | pending | waiting |  done   |
-----------------------------------------
| 500.00  |   21    |    1    |    5    |
| 1500.00 |    9    |    0    |    0    |
| 4500.00 |    3    |    0    |    0    |
|13500.00 |    1    |    0    |    0    |
-----------------------------------------
2023-03-27T08:57:20.207342+0200 DEBUG Collecting 1 of the 1 job(s) active.
2023-03-27T08:57:24.233477+0200 DEBUG Bracket ID 0:
| budget  | pending | waiting |  done   |
-----------------------------------------
| 500.00  |   20    |    1    |    6    |
| 1500.00 |    9    |    0    |    0    |
| 4500.00 |    3    |    0    |    0    |
|13500.00 |    1    |    0    |    0    |
-----------------------------------------
2023-03-27T08:57:24.240183+0200 DEBUG Collecting 1 of the 1 job(s) active.
2023-03-27T08:57:52.835367+0200 DEBUG Bracket ID 0:
| budget  | pending | waiting |  done   |
-----------------------------------------
| 500.00  |   19    |    1    |    7    |
| 1500.00 |    9    |    0    |    0    |
| 4500.00 |    3    |    0    |    0    |
|13500.00 |    1    |    0    |    0    |
-----------------------------------------
2023-03-27T08:57:52.841954+0200 DEBUG Collecting 1 of the 1 job(s) active.
2023-03-27T08:58:21.189875+0200 DEBUG Bracket ID 0:
| budget  | pending | waiting |  done   |
-----------------------------------------
| 500.00  |   18    |    1    |    8    |
| 1500.00 |    9    |    0    |    0    |
| 4500.00 |    3    |    0    |    0    |
|13500.00 |    1    |    0    |    0    |
-----------------------------------------
2023-03-27T08:58:21.196713+0200 DEBUG Collecting 1 of the 1 job(s) active.
2023-03-27T08:58:23.655433+0200 DEBUG Bracket ID 0:
| budget  | pending | waiting |  done   |
-----------------------------------------
| 500.00  |   17    |    1    |    9    |
| 1500.00 |    9    |    0    |    0    |
| 4500.00 |    3    |    0    |    0    |
|13500.00 |    1    |    0    |    0    |
-----------------------------------------
2023-03-27T08:58:23.662006+0200 DEBUG Collecting 1 of the 1 job(s) active.
2023-03-27T08:58:52.679151+0200 DEBUG Bracket ID 0:
| budget  | pending | waiting |  done   |
-----------------------------------------
| 500.00  |   16    |    1    |   10    |
| 1500.00 |    9    |    0    |    0    |
| 4500.00 |    3    |    0    |    0    |
|13500.00 |    1    |    0    |    0    |
-----------------------------------------
2023-03-27T08:58:52.686148+0200 DEBUG Collecting 1 of the 1 job(s) active.
2023-03-27T08:59:22.294323+0200 DEBUG Bracket ID 0:
| budget  | pending | waiting |  done   |
-----------------------------------------
| 500.00  |   15    |    1    |   11    |
| 1500.00 |    9    |    0    |    0    |
| 4500.00 |    3    |    0    |    0    |
|13500.00 |    1    |    0    |    0    |
-----------------------------------------
2023-03-27T08:59:22.301015+0200 DEBUG Collecting 1 of the 1 job(s) active.
2023-03-27T08:59:49.946293+0200 DEBUG Bracket ID 0:
| budget  | pending | waiting |  done   |
-----------------------------------------
| 500.00  |   14    |    1    |   12    |
| 1500.00 |    9    |    0    |    0    |
| 4500.00 |    3    |    0    |    0    |
|13500.00 |    1    |    0    |    0    |
-----------------------------------------
2023-03-27T08:59:49.953114+0200 DEBUG Collecting 1 of the 1 job(s) active.
