2023-03-27T08:55:47.833803+0200 DEBUG Bracket ID 0:
| budget  | pending | waiting |  done   |
-----------------------------------------
| 500.00  |   26    |    1    |    0    |
| 1500.00 |    9    |    0    |    0    |
| 4500.00 |    3    |    0    |    0    |
|13500.00 |    1    |    0    |    0    |
-----------------------------------------
2023-03-27T08:55:47.840660+0200 DEBUG Collecting 1 of the 1 job(s) active.
2023-03-27T08:55:49.223548+0200 DEBUG Bracket ID 0:
| budget  | pending | waiting |  done   |
-----------------------------------------
| 500.00  |   25    |    1    |    1    |
| 1500.00 |    9    |    0    |    0    |
| 4500.00 |    3    |    0    |    0    |
|13500.00 |    1    |    0    |    0    |
-----------------------------------------
2023-03-27T08:55:49.230304+0200 DEBUG Collecting 1 of the 1 job(s) active.
2023-03-27T08:56:21.463240+0200 DEBUG Bracket ID 0:
| budget  | pending | waiting |  done   |
-----------------------------------------
| 500.00  |   24    |    1    |    2    |
| 1500.00 |    9    |    0    |    0    |
| 4500.00 |    3    |    0    |    0    |
|13500.00 |    1    |    0    |    0    |
-----------------------------------------
2023-03-27T08:56:21.471765+0200 DEBUG Collecting 1 of the 1 job(s) active.
2023-03-27T08:56:49.992909+0200 DEBUG Bracket ID 0:
| budget  | pending | waiting |  done   |
-----------------------------------------
| 500.00  |   23    |    1    |    3    |
| 1500.00 |    9    |    0    |    0    |
| 4500.00 |    3    |    0    |    0    |
|13500.00 |    1    |    0    |    0    |
-----------------------------------------
2023-03-27T08:56:50.000921+0200 DEBUG Collecting 1 of the 1 job(s) active.
2023-03-27T08:57:17.916599+0200 DEBUG Bracket ID 0:
| budget  | pending | waiting |  done   |
-----------------------------------------
| 500.00  |   22    |    1    |    4    |
| 1500.00 |    9    |    0    |    0    |
| 4500.00 |    3    |    0    |    0    |
|13500.00 |    1    |    0    |    0    |
-----------------------------------------
2023-03-27T08:57:17.923117+0200 DEBUG Collecting 1 of the 1 job(s) active.
2023-03-27T08:57:20.200861+0200 DEBUG Bracket ID 0:
| budget  | pending | waiting |  done   |
-----------------------------------------
| 500.00  |   21    |    1    |    5    |
| 1500.00 |    9    |    0    |    0    |
| 4500.00 |    3    |    0    |    0    |
|13500.00 |    1    |    0    |    0    |
-----------------------------------------
2023-03-27T08:57:20.207342+0200 DEBUG Collecting 1 of the 1 job(s) active.
2023-03-27T08:57:24.233477+0200 DEBUG Bracket ID 0:
| budget  | pending | waiting |  done   |
-----------------------------------------
| 500.00  |   20    |    1    |    6    |
| 1500.00 |    9    |    0    |    0    |
| 4500.00 |    3    |    0    |    0    |
|13500.00 |    1    |    0    |    0    |
-----------------------------------------
2023-03-27T08:57:24.240183+0200 DEBUG Collecting 1 of the 1 job(s) active.
2023-03-27T08:57:52.835367+0200 DEBUG Bracket ID 0:
| budget  | pending | waiting |  done   |
-----------------------------------------
| 500.00  |   19    |    1    |    7    |
| 1500.00 |    9    |    0    |    0    |
| 4500.00 |    3    |    0    |    0    |
|13500.00 |    1    |    0    |    0    |
-----------------------------------------
2023-03-27T08:57:52.841954+0200 DEBUG Collecting 1 of the 1 job(s) active.
2023-03-27T08:58:21.189875+0200 DEBUG Bracket ID 0:
| budget  | pending | waiting |  done   |
-----------------------------------------
| 500.00  |   18    |    1    |    8    |
| 1500.00 |    9    |    0    |    0    |
| 4500.00 |    3    |    0    |    0    |
|13500.00 |    1    |    0    |    0    |
-----------------------------------------
2023-03-27T08:58:21.196713+0200 DEBUG Collecting 1 of the 1 job(s) active.
2023-03-27T08:58:23.655433+0200 DEBUG Bracket ID 0:
| budget  | pending | waiting |  done   |
-----------------------------------------
| 500.00  |   17    |    1    |    9    |
| 1500.00 |    9    |    0    |    0    |
| 4500.00 |    3    |    0    |    0    |
|13500.00 |    1    |    0    |    0    |
-----------------------------------------
2023-03-27T08:58:23.662006+0200 DEBUG Collecting 1 of the 1 job(s) active.
2023-03-27T08:58:52.679151+0200 DEBUG Bracket ID 0:
| budget  | pending | waiting |  done   |
-----------------------------------------
| 500.00  |   16    |    1    |   10    |
| 1500.00 |    9    |    0    |    0    |
| 4500.00 |    3    |    0    |    0    |
|13500.00 |    1    |    0    |    0    |
-----------------------------------------
2023-03-27T08:58:52.686148+0200 DEBUG Collecting 1 of the 1 job(s) active.
2023-03-27T08:59:22.294323+0200 DEBUG Bracket ID 0:
| budget  | pending | waiting |  done   |
-----------------------------------------
| 500.00  |   15    |    1    |   11    |
| 1500.00 |    9    |    0    |    0    |
| 4500.00 |    3    |    0    |    0    |
|13500.00 |    1    |    0    |    0    |
-----------------------------------------
2023-03-27T08:59:22.301015+0200 DEBUG Collecting 1 of the 1 job(s) active.
2023-03-27T08:59:49.946293+0200 DEBUG Bracket ID 0:
| budget  | pending | waiting |  done   |
-----------------------------------------
| 500.00  |   14    |    1    |   12    |
| 1500.00 |    9    |    0    |    0    |
| 4500.00 |    3    |    0    |    0    |
|13500.00 |    1    |    0    |    0    |
-----------------------------------------
2023-03-27T08:59:49.953114+0200 DEBUG Collecting 1 of the 1 job(s) active.
