2023-03-27T08:16:08.713367+0200 DEBUG Bracket ID 0:
| budget  | pending | waiting |  done   |
-----------------------------------------
|  10.00  |   26    |    1    |    0    |
|  30.00  |    9    |    0    |    0    |
|  90.00  |    3    |    0    |    0    |
| 270.00  |    1    |    0    |    0    |
-----------------------------------------
2023-03-27T08:16:08.719184+0200 DEBUG Collecting 1 of the 1 job(s) active.
2023-03-27T08:16:36.364346+0200 DEBUG Bracket ID 0:
| budget  | pending | waiting |  done   |
-----------------------------------------
|  10.00  |   25    |    1    |    1    |
|  30.00  |    9    |    0    |    0    |
|  90.00  |    3    |    0    |    0    |
| 270.00  |    1    |    0    |    0    |
-----------------------------------------
2023-03-27T08:16:36.370646+0200 DEBUG Collecting 1 of the 1 job(s) active.
2023-03-27T08:17:03.612661+0200 DEBUG Bracket ID 0:
| budget  | pending | waiting |  done   |
-----------------------------------------
|  10.00  |   24    |    1    |    2    |
|  30.00  |    9    |    0    |    0    |
|  90.00  |    3    |    0    |    0    |
| 270.00  |    1    |    0    |    0    |
-----------------------------------------
2023-03-27T08:17:03.619740+0200 DEBUG Collecting 1 of the 1 job(s) active.
2023-03-27T08:17:35.986702+0200 DEBUG Bracket ID 0:
| budget  | pending | waiting |  done   |
-----------------------------------------
|  10.00  |   23    |    1    |    3    |
|  30.00  |    9    |    0    |    0    |
|  90.00  |    3    |    0    |    0    |
| 270.00  |    1    |    0    |    0    |
-----------------------------------------
2023-03-27T08:17:35.993148+0200 DEBUG Collecting 1 of the 1 job(s) active.
2023-03-27T08:18:04.712831+0200 DEBUG Bracket ID 0:
| budget  | pending | waiting |  done   |
-----------------------------------------
|  10.00  |   22    |    1    |    4    |
|  30.00  |    9    |    0    |    0    |
|  90.00  |    3    |    0    |    0    |
| 270.00  |    1    |    0    |    0    |
-----------------------------------------
2023-03-27T08:18:04.719502+0200 DEBUG Collecting 1 of the 1 job(s) active.
2023-03-27T08:18:33.891618+0200 DEBUG Bracket ID 0:
| budget  | pending | waiting |  done   |
-----------------------------------------
|  10.00  |   21    |    1    |    5    |
|  30.00  |    9    |    0    |    0    |
|  90.00  |    3    |    0    |    0    |
| 270.00  |    1    |    0    |    0    |
-----------------------------------------
2023-03-27T08:18:33.897731+0200 DEBUG Collecting 1 of the 1 job(s) active.
2023-03-27T08:18:34.787414+0200 DEBUG Bracket ID 0:
| budget  | pending | waiting |  done   |
-----------------------------------------
|  10.00  |   20    |    1    |    6    |
|  30.00  |    9    |    0    |    0    |
|  90.00  |    3    |    0    |    0    |
| 270.00  |    1    |    0    |    0    |
-----------------------------------------
2023-03-27T08:18:34.793536+0200 DEBUG Collecting 1 of the 1 job(s) active.
2023-03-27T08:18:36.829055+0200 DEBUG Bracket ID 0:
| budget  | pending | waiting |  done   |
-----------------------------------------
|  10.00  |   19    |    1    |    7    |
|  30.00  |    9    |    0    |    0    |
|  90.00  |    3    |    0    |    0    |
| 270.00  |    1    |    0    |    0    |
-----------------------------------------
2023-03-27T08:18:36.835010+0200 DEBUG Collecting 1 of the 1 job(s) active.
2023-03-27T08:18:39.061038+0200 DEBUG Bracket ID 0:
| budget  | pending | waiting |  done   |
-----------------------------------------
|  10.00  |   18    |    1    |    8    |
|  30.00  |    9    |    0    |    0    |
|  90.00  |    3    |    0    |    0    |
| 270.00  |    1    |    0    |    0    |
-----------------------------------------
2023-03-27T08:18:39.066914+0200 DEBUG Collecting 1 of the 1 job(s) active.
2023-03-27T08:18:40.988972+0200 DEBUG Bracket ID 0:
| budget  | pending | waiting |  done   |
-----------------------------------------
|  10.00  |   17    |    1    |    9    |
|  30.00  |    9    |    0    |    0    |
|  90.00  |    3    |    0    |    0    |
| 270.00  |    1    |    0    |    0    |
-----------------------------------------
2023-03-27T08:18:40.995143+0200 DEBUG Collecting 1 of the 1 job(s) active.
2023-03-27T08:18:45.858721+0200 DEBUG Bracket ID 0:
| budget  | pending | waiting |  done   |
-----------------------------------------
|  10.00  |   16    |    1    |   10    |
|  30.00  |    9    |    0    |    0    |
|  90.00  |    3    |    0    |    0    |
| 270.00  |    1    |    0    |    0    |
-----------------------------------------
2023-03-27T08:18:45.864673+0200 DEBUG Collecting 1 of the 1 job(s) active.
2023-03-27T08:18:47.460652+0200 DEBUG Bracket ID 0:
| budget  | pending | waiting |  done   |
-----------------------------------------
|  10.00  |   15    |    1    |   11    |
|  30.00  |    9    |    0    |    0    |
|  90.00  |    3    |    0    |    0    |
| 270.00  |    1    |    0    |    0    |
-----------------------------------------
2023-03-27T08:18:47.466187+0200 DEBUG Collecting 1 of the 1 job(s) active.
2023-03-27T08:18:51.246508+0200 DEBUG Bracket ID 0:
| budget  | pending | waiting |  done   |
-----------------------------------------
|  10.00  |   14    |    1    |   12    |
|  30.00  |    9    |    0    |    0    |
|  90.00  |    3    |    0    |    0    |
| 270.00  |    1    |    0    |    0    |
-----------------------------------------
2023-03-27T08:18:51.252654+0200 DEBUG Collecting 1 of the 1 job(s) active.
2023-03-27T08:18:53.935581+0200 DEBUG Bracket ID 0:
| budget  | pending | waiting |  done   |
-----------------------------------------
|  10.00  |   13    |    1    |   13    |
|  30.00  |    9    |    0    |    0    |
|  90.00  |    3    |    0    |    0    |
| 270.00  |    1    |    0    |    0    |
-----------------------------------------
2023-03-27T08:18:53.941806+0200 DEBUG Collecting 1 of the 1 job(s) active.
2023-03-27T08:19:22.678260+0200 DEBUG Bracket ID 0:
| budget  | pending | waiting |  done   |
-----------------------------------------
|  10.00  |   12    |    1    |   14    |
|  30.00  |    9    |    0    |    0    |
|  90.00  |    3    |    0    |    0    |
| 270.00  |    1    |    0    |    0    |
-----------------------------------------
2023-03-27T08:19:22.684549+0200 DEBUG Collecting 1 of the 1 job(s) active.
2023-03-27T08:19:49.813830+0200 DEBUG Bracket ID 0:
| budget  | pending | waiting |  done   |
-----------------------------------------
|  10.00  |   11    |    1    |   15    |
|  30.00  |    9    |    0    |    0    |
|  90.00  |    3    |    0    |    0    |
| 270.00  |    1    |    0    |    0    |
-----------------------------------------
2023-03-27T08:19:49.820316+0200 DEBUG Collecting 1 of the 1 job(s) active.
2023-03-27T08:20:19.804473+0200 DEBUG Bracket ID 0:
| budget  | pending | waiting |  done   |
-----------------------------------------
|  10.00  |   10    |    1    |   16    |
|  30.00  |    9    |    0    |    0    |
|  90.00  |    3    |    0    |    0    |
| 270.00  |    1    |    0    |    0    |
-----------------------------------------
2023-03-27T08:20:19.810834+0200 DEBUG Collecting 1 of the 1 job(s) active.
2023-03-27T08:20:21.411772+0200 DEBUG Bracket ID 0:
| budget  | pending | waiting |  done   |
-----------------------------------------
|  10.00  |    9    |    1    |   17    |
|  30.00  |    9    |    0    |    0    |
|  90.00  |    3    |    0    |    0    |
| 270.00  |    1    |    0    |    0    |
-----------------------------------------
2023-03-27T08:20:21.418199+0200 DEBUG Collecting 1 of the 1 job(s) active.
2023-03-27T08:20:24.303528+0200 DEBUG Bracket ID 0:
| budget  | pending | waiting |  done   |
-----------------------------------------
|  10.00  |    8    |    1    |   18    |
|  30.00  |    9    |    0    |    0    |
|  90.00  |    3    |    0    |    0    |
| 270.00  |    1    |    0    |    0    |
-----------------------------------------
2023-03-27T08:20:24.309663+0200 DEBUG Collecting 1 of the 1 job(s) active.
2023-03-27T08:20:26.205597+0200 DEBUG Bracket ID 0:
| budget  | pending | waiting |  done   |
-----------------------------------------
|  10.00  |    7    |    1    |   19    |
|  30.00  |    9    |    0    |    0    |
|  90.00  |    3    |    0    |    0    |
| 270.00  |    1    |    0    |    0    |
-----------------------------------------
2023-03-27T08:20:26.211406+0200 DEBUG Collecting 1 of the 1 job(s) active.
2023-03-27T08:20:54.873586+0200 DEBUG Bracket ID 0:
| budget  | pending | waiting |  done   |
-----------------------------------------
|  10.00  |    6    |    1    |   20    |
|  30.00  |    9    |    0    |    0    |
|  90.00  |    3    |    0    |    0    |
| 270.00  |    1    |    0    |    0    |
-----------------------------------------
2023-03-27T08:20:54.879876+0200 DEBUG Collecting 1 of the 1 job(s) active.
2023-03-27T08:21:23.906497+0200 DEBUG Bracket ID 0:
| budget  | pending | waiting |  done   |
-----------------------------------------
|  10.00  |    5    |    1    |   21    |
|  30.00  |    9    |    0    |    0    |
|  90.00  |    3    |    0    |    0    |
| 270.00  |    1    |    0    |    0    |
-----------------------------------------
2023-03-27T08:21:23.913102+0200 DEBUG Collecting 1 of the 1 job(s) active.
2023-03-27T08:21:51.786371+0200 DEBUG Bracket ID 0:
| budget  | pending | waiting |  done   |
-----------------------------------------
|  10.00  |    4    |    1    |   22    |
|  30.00  |    9    |    0    |    0    |
|  90.00  |    3    |    0    |    0    |
| 270.00  |    1    |    0    |    0    |
-----------------------------------------
2023-03-27T08:21:51.792225+0200 DEBUG Collecting 1 of the 1 job(s) active.
2023-03-27T08:22:22.838433+0200 DEBUG Bracket ID 0:
| budget  | pending | waiting |  done   |
-----------------------------------------
|  10.00  |    3    |    1    |   23    |
|  30.00  |    9    |    0    |    0    |
|  90.00  |    3    |    0    |    0    |
| 270.00  |    1    |    0    |    0    |
-----------------------------------------
2023-03-27T08:22:22.844800+0200 DEBUG Collecting 1 of the 1 job(s) active.
2023-03-27T08:22:24.993568+0200 DEBUG Bracket ID 0:
| budget  | pending | waiting |  done   |
-----------------------------------------
|  10.00  |    2    |    1    |   24    |
|  30.00  |    9    |    0    |    0    |
|  90.00  |    3    |    0    |    0    |
| 270.00  |    1    |    0    |    0    |
-----------------------------------------
2023-03-27T08:22:24.999700+0200 DEBUG Collecting 1 of the 1 job(s) active.
2023-03-27T08:22:53.937120+0200 DEBUG Bracket ID 0:
| budget  | pending | waiting |  done   |
-----------------------------------------
|  10.00  |    1    |    1    |   25    |
|  30.00  |    9    |    0    |    0    |
|  90.00  |    3    |    0    |    0    |
| 270.00  |    1    |    0    |    0    |
-----------------------------------------
2023-03-27T08:22:53.943694+0200 DEBUG Collecting 1 of the 1 job(s) active.
2023-03-27T08:23:24.337729+0200 DEBUG Bracket ID 0:
| budget  | pending | waiting |  done   |
-----------------------------------------
|  10.00  |    0    |    1    |   26    |
|  30.00  |    9    |    0    |    0    |
|  90.00  |    3    |    0    |    0    |
| 270.00  |    1    |    0    |    0    |
-----------------------------------------
2023-03-27T08:23:24.343595+0200 DEBUG Collecting 1 of the 1 job(s) active.
2023-03-27T08:23:28.829721+0200 DEBUG Bracket ID 0:
| budget  | pending | waiting |  done   |
-----------------------------------------
|  10.00  |    0    |    0    |   27    |
|  30.00  |    8    |    1    |    0    |
|  90.00  |    3    |    0    |    0    |
| 270.00  |    1    |    0    |    0    |
-----------------------------------------
2023-03-27T08:23:28.836188+0200 DEBUG Collecting 1 of the 1 job(s) active.
2023-03-27T08:23:33.674869+0200 DEBUG Bracket ID 0:
| budget  | pending | waiting |  done   |
-----------------------------------------
|  10.00  |    0    |    0    |   27    |
|  30.00  |    7    |    1    |    1    |
|  90.00  |    3    |    0    |    0    |
| 270.00  |    1    |    0    |    0    |
-----------------------------------------
2023-03-27T08:23:33.681208+0200 DEBUG Collecting 1 of the 1 job(s) active.
2023-03-27T08:23:37.303079+0200 DEBUG Bracket ID 0:
| budget  | pending | waiting |  done   |
-----------------------------------------
|  10.00  |    0    |    0    |   27    |
|  30.00  |    6    |    1    |    2    |
|  90.00  |    3    |    0    |    0    |
| 270.00  |    1    |    0    |    0    |
-----------------------------------------
2023-03-27T08:23:37.309472+0200 DEBUG Collecting 1 of the 1 job(s) active.
2023-03-27T08:24:09.802546+0200 DEBUG Bracket ID 0:
| budget  | pending | waiting |  done   |
-----------------------------------------
|  10.00  |    0    |    0    |   27    |
|  30.00  |    5    |    1    |    3    |
|  90.00  |    3    |    0    |    0    |
| 270.00  |    1    |    0    |    0    |
-----------------------------------------
2023-03-27T08:24:09.808682+0200 DEBUG Collecting 1 of the 1 job(s) active.
2023-03-27T08:24:49.721358+0200 DEBUG Bracket ID 0:
| budget  | pending | waiting |  done   |
-----------------------------------------
|  10.00  |   26    |    1    |    0    |
|  30.00  |    9    |    0    |    0    |
|  90.00  |    3    |    0    |    0    |
| 270.00  |    1    |    0    |    0    |
-----------------------------------------
2023-03-27T08:24:49.727862+0200 DEBUG Collecting 1 of the 1 job(s) active.
2023-03-27T08:25:20.763600+0200 DEBUG Bracket ID 0:
| budget  | pending | waiting |  done   |
-----------------------------------------
|  10.00  |   25    |    1    |    1    |
|  30.00  |    9    |    0    |    0    |
|  90.00  |    3    |    0    |    0    |
| 270.00  |    1    |    0    |    0    |
-----------------------------------------
2023-03-27T08:25:20.770149+0200 DEBUG Collecting 1 of the 1 job(s) active.
2023-03-27T08:25:53.499319+0200 DEBUG Bracket ID 0:
| budget  | pending | waiting |  done   |
-----------------------------------------
|  10.00  |   24    |    1    |    2    |
|  30.00  |    9    |    0    |    0    |
|  90.00  |    3    |    0    |    0    |
| 270.00  |    1    |    0    |    0    |
-----------------------------------------
2023-03-27T08:25:53.505574+0200 DEBUG Collecting 1 of the 1 job(s) active.
2023-03-27T08:25:57.161465+0200 DEBUG Bracket ID 0:
| budget  | pending | waiting |  done   |
-----------------------------------------
|  10.00  |   23    |    1    |    3    |
|  30.00  |    9    |    0    |    0    |
|  90.00  |    3    |    0    |    0    |
| 270.00  |    1    |    0    |    0    |
-----------------------------------------
2023-03-27T08:25:57.167687+0200 DEBUG Collecting 1 of the 1 job(s) active.
2023-03-27T08:26:01.139116+0200 DEBUG Bracket ID 0:
| budget  | pending | waiting |  done   |
-----------------------------------------
|  10.00  |   22    |    1    |    4    |
|  30.00  |    9    |    0    |    0    |
|  90.00  |    3    |    0    |    0    |
| 270.00  |    1    |    0    |    0    |
-----------------------------------------
2023-03-27T08:26:01.145636+0200 DEBUG Collecting 1 of the 1 job(s) active.
2023-03-27T08:26:33.853196+0200 DEBUG Bracket ID 0:
| budget  | pending | waiting |  done   |
-----------------------------------------
|  10.00  |   21    |    1    |    5    |
|  30.00  |    9    |    0    |    0    |
|  90.00  |    3    |    0    |    0    |
| 270.00  |    1    |    0    |    0    |
-----------------------------------------
2023-03-27T08:26:33.859466+0200 DEBUG Collecting 1 of the 1 job(s) active.
2023-03-27T08:27:04.462911+0200 DEBUG Bracket ID 0:
| budget  | pending | waiting |  done   |
-----------------------------------------
|  10.00  |   20    |    1    |    6    |
|  30.00  |    9    |    0    |    0    |
|  90.00  |    3    |    0    |    0    |
| 270.00  |    1    |    0    |    0    |
-----------------------------------------
2023-03-27T08:27:04.468953+0200 DEBUG Collecting 1 of the 1 job(s) active.
2023-03-27T08:27:08.411353+0200 DEBUG Bracket ID 0:
| budget  | pending | waiting |  done   |
-----------------------------------------
|  10.00  |   19    |    1    |    7    |
|  30.00  |    9    |    0    |    0    |
|  90.00  |    3    |    0    |    0    |
| 270.00  |    1    |    0    |    0    |
-----------------------------------------
2023-03-27T08:27:08.417762+0200 DEBUG Collecting 1 of the 1 job(s) active.
2023-03-27T08:27:39.127566+0200 DEBUG Bracket ID 0:
| budget  | pending | waiting |  done   |
-----------------------------------------
|  10.00  |   18    |    1    |    8    |
|  30.00  |    9    |    0    |    0    |
|  90.00  |    3    |    0    |    0    |
| 270.00  |    1    |    0    |    0    |
-----------------------------------------
2023-03-27T08:27:39.134151+0200 DEBUG Collecting 1 of the 1 job(s) active.
2023-03-27T08:28:11.272941+0200 DEBUG Bracket ID 0:
| budget  | pending | waiting |  done   |
-----------------------------------------
|  10.00  |   17    |    1    |    9    |
|  30.00  |    9    |    0    |    0    |
|  90.00  |    3    |    0    |    0    |
| 270.00  |    1    |    0    |    0    |
-----------------------------------------
2023-03-27T08:28:11.279183+0200 DEBUG Collecting 1 of the 1 job(s) active.
2023-03-27T08:28:14.425882+0200 DEBUG Bracket ID 0:
| budget  | pending | waiting |  done   |
-----------------------------------------
|  10.00  |   16    |    1    |   10    |
|  30.00  |    9    |    0    |    0    |
|  90.00  |    3    |    0    |    0    |
| 270.00  |    1    |    0    |    0    |
-----------------------------------------
2023-03-27T08:28:14.432106+0200 DEBUG Collecting 1 of the 1 job(s) active.
2023-03-27T08:28:21.606337+0200 DEBUG Bracket ID 0:
| budget  | pending | waiting |  done   |
-----------------------------------------
|  10.00  |   15    |    1    |   11    |
|  30.00  |    9    |    0    |    0    |
|  90.00  |    3    |    0    |    0    |
| 270.00  |    1    |    0    |    0    |
-----------------------------------------
2023-03-27T08:28:21.612675+0200 DEBUG Collecting 1 of the 1 job(s) active.
2023-03-27T08:28:25.622247+0200 DEBUG Bracket ID 0:
| budget  | pending | waiting |  done   |
-----------------------------------------
|  10.00  |   14    |    1    |   12    |
|  30.00  |    9    |    0    |    0    |
|  90.00  |    3    |    0    |    0    |
| 270.00  |    1    |    0    |    0    |
-----------------------------------------
2023-03-27T08:28:25.628490+0200 DEBUG Collecting 1 of the 1 job(s) active.
2023-03-27T08:28:29.626840+0200 DEBUG Bracket ID 0:
| budget  | pending | waiting |  done   |
-----------------------------------------
|  10.00  |   13    |    1    |   13    |
|  30.00  |    9    |    0    |    0    |
|  90.00  |    3    |    0    |    0    |
| 270.00  |    1    |    0    |    0    |
-----------------------------------------
2023-03-27T08:28:29.633321+0200 DEBUG Collecting 1 of the 1 job(s) active.
2023-03-27T08:29:01.934613+0200 DEBUG Bracket ID 0:
| budget  | pending | waiting |  done   |
-----------------------------------------
|  10.00  |   12    |    1    |   14    |
|  30.00  |    9    |    0    |    0    |
|  90.00  |    3    |    0    |    0    |
| 270.00  |    1    |    0    |    0    |
-----------------------------------------
2023-03-27T08:29:01.940795+0200 DEBUG Collecting 1 of the 1 job(s) active.
2023-03-27T08:29:30.463075+0200 DEBUG Bracket ID 0:
| budget  | pending | waiting |  done   |
-----------------------------------------
|  10.00  |   11    |    1    |   15    |
|  30.00  |    9    |    0    |    0    |
|  90.00  |    3    |    0    |    0    |
| 270.00  |    1    |    0    |    0    |
-----------------------------------------
2023-03-27T08:29:30.469738+0200 DEBUG Collecting 1 of the 1 job(s) active.
2023-03-27T08:29:36.481720+0200 DEBUG Bracket ID 0:
| budget  | pending | waiting |  done   |
-----------------------------------------
|  10.00  |   10    |    1    |   16    |
|  30.00  |    9    |    0    |    0    |
|  90.00  |    3    |    0    |    0    |
| 270.00  |    1    |    0    |    0    |
-----------------------------------------
2023-03-27T08:29:36.487739+0200 DEBUG Collecting 1 of the 1 job(s) active.
2023-03-27T08:29:41.205289+0200 DEBUG Bracket ID 0:
| budget  | pending | waiting |  done   |
-----------------------------------------
|  10.00  |    9    |    1    |   17    |
|  30.00  |    9    |    0    |    0    |
|  90.00  |    3    |    0    |    0    |
| 270.00  |    1    |    0    |    0    |
-----------------------------------------
2023-03-27T08:29:41.212183+0200 DEBUG Collecting 1 of the 1 job(s) active.
2023-03-27T08:30:09.040517+0200 DEBUG Bracket ID 0:
| budget  | pending | waiting |  done   |
-----------------------------------------
|  10.00  |    8    |    1    |   18    |
|  30.00  |    9    |    0    |    0    |
|  90.00  |    3    |    0    |    0    |
| 270.00  |    1    |    0    |    0    |
-----------------------------------------
2023-03-27T08:30:09.047333+0200 DEBUG Collecting 1 of the 1 job(s) active.
2023-03-27T08:30:12.522272+0200 DEBUG Bracket ID 0:
| budget  | pending | waiting |  done   |
-----------------------------------------
|  10.00  |    7    |    1    |   19    |
|  30.00  |    9    |    0    |    0    |
|  90.00  |    3    |    0    |    0    |
| 270.00  |    1    |    0    |    0    |
-----------------------------------------
2023-03-27T08:30:12.528505+0200 DEBUG Collecting 1 of the 1 job(s) active.
2023-03-27T08:30:14.206979+0200 DEBUG Bracket ID 0:
| budget  | pending | waiting |  done   |
-----------------------------------------
|  10.00  |    6    |    1    |   20    |
|  30.00  |    9    |    0    |    0    |
|  90.00  |    3    |    0    |    0    |
| 270.00  |    1    |    0    |    0    |
-----------------------------------------
2023-03-27T08:30:14.213474+0200 DEBUG Collecting 1 of the 1 job(s) active.
2023-03-27T08:30:41.699016+0200 DEBUG Bracket ID 0:
| budget  | pending | waiting |  done   |
-----------------------------------------
|  10.00  |    5    |    1    |   21    |
|  30.00  |    9    |    0    |    0    |
|  90.00  |    3    |    0    |    0    |
| 270.00  |    1    |    0    |    0    |
-----------------------------------------
2023-03-27T08:30:41.705453+0200 DEBUG Collecting 1 of the 1 job(s) active.
2023-03-27T08:30:43.195531+0200 DEBUG Bracket ID 0:
| budget  | pending | waiting |  done   |
-----------------------------------------
|  10.00  |    4    |    1    |   22    |
|  30.00  |    9    |    0    |    0    |
|  90.00  |    3    |    0    |    0    |
| 270.00  |    1    |    0    |    0    |
-----------------------------------------
2023-03-27T08:30:43.201554+0200 DEBUG Collecting 1 of the 1 job(s) active.
2023-03-27T08:30:44.699095+0200 DEBUG Bracket ID 0:
| budget  | pending | waiting |  done   |
-----------------------------------------
|  10.00  |    3    |    1    |   23    |
|  30.00  |    9    |    0    |    0    |
|  90.00  |    3    |    0    |    0    |
| 270.00  |    1    |    0    |    0    |
-----------------------------------------
2023-03-27T08:30:44.705220+0200 DEBUG Collecting 1 of the 1 job(s) active.
2023-03-27T08:31:18.483739+0200 DEBUG Bracket ID 0:
| budget  | pending | waiting |  done   |
-----------------------------------------
|  10.00  |    2    |    1    |   24    |
|  30.00  |    9    |    0    |    0    |
|  90.00  |    3    |    0    |    0    |
| 270.00  |    1    |    0    |    0    |
-----------------------------------------
2023-03-27T08:31:18.490301+0200 DEBUG Collecting 1 of the 1 job(s) active.
2023-03-27T08:31:52.097387+0200 DEBUG Bracket ID 0:
| budget  | pending | waiting |  done   |
-----------------------------------------
|  10.00  |    1    |    1    |   25    |
|  30.00  |    9    |    0    |    0    |
|  90.00  |    3    |    0    |    0    |
| 270.00  |    1    |    0    |    0    |
-----------------------------------------
2023-03-27T08:31:52.103522+0200 DEBUG Collecting 1 of the 1 job(s) active.
2023-03-27T08:31:55.002255+0200 DEBUG Bracket ID 0:
| budget  | pending | waiting |  done   |
-----------------------------------------
|  10.00  |    0    |    1    |   26    |
|  30.00  |    9    |    0    |    0    |
|  90.00  |    3    |    0    |    0    |
| 270.00  |    1    |    0    |    0    |
-----------------------------------------
2023-03-27T08:31:55.008377+0200 DEBUG Collecting 1 of the 1 job(s) active.
2023-03-27T08:32:09.988260+0200 DEBUG Bracket ID 0:
| budget  | pending | waiting |  done   |
-----------------------------------------
|  10.00  |    0    |    0    |   27    |
|  30.00  |    8    |    1    |    0    |
|  90.00  |    3    |    0    |    0    |
| 270.00  |    1    |    0    |    0    |
-----------------------------------------
2023-03-27T08:32:09.994509+0200 DEBUG Collecting 1 of the 1 job(s) active.
2023-03-27T08:32:31.835251+0200 DEBUG Bracket ID 0:
| budget  | pending | waiting |  done   |
-----------------------------------------
|  10.00  |    0    |    0    |   27    |
|  30.00  |    7    |    1    |    1    |
|  90.00  |    3    |    0    |    0    |
| 270.00  |    1    |    0    |    0    |
-----------------------------------------
2023-03-27T08:32:31.841872+0200 DEBUG Collecting 1 of the 1 job(s) active.
2023-03-27T08:33:42.097198+0200 DEBUG Bracket ID 0:
| budget  | pending | waiting |  done   |
-----------------------------------------
| 500.00  |   26    |    1    |    0    |
| 1500.00 |    9    |    0    |    0    |
| 4500.00 |    3    |    0    |    0    |
|13500.00 |    1    |    0    |    0    |
-----------------------------------------
2023-03-27T08:33:42.103850+0200 DEBUG Collecting 1 of the 1 job(s) active.
2023-03-27T08:34:11.728291+0200 DEBUG Bracket ID 0:
| budget  | pending | waiting |  done   |
-----------------------------------------
| 500.00  |   25    |    1    |    1    |
| 1500.00 |    9    |    0    |    0    |
| 4500.00 |    3    |    0    |    0    |
|13500.00 |    1    |    0    |    0    |
-----------------------------------------
2023-03-27T08:34:11.734566+0200 DEBUG Collecting 1 of the 1 job(s) active.
2023-03-27T08:34:13.844491+0200 DEBUG Bracket ID 0:
| budget  | pending | waiting |  done   |
-----------------------------------------
| 500.00  |   24    |    1    |    2    |
| 1500.00 |    9    |    0    |    0    |
| 4500.00 |    3    |    0    |    0    |
|13500.00 |    1    |    0    |    0    |
-----------------------------------------
2023-03-27T08:34:13.847653+0200 DEBUG Collecting 1 of the 1 job(s) active.
2023-03-27T08:34:17.281343+0200 DEBUG Bracket ID 0:
| budget  | pending | waiting |  done   |
-----------------------------------------
| 500.00  |   23    |    1    |    3    |
| 1500.00 |    9    |    0    |    0    |
| 4500.00 |    3    |    0    |    0    |
|13500.00 |    1    |    0    |    0    |
-----------------------------------------
2023-03-27T08:34:17.287077+0200 DEBUG Collecting 1 of the 1 job(s) active.
2023-03-27T08:34:18.755075+0200 DEBUG Bracket ID 0:
| budget  | pending | waiting |  done   |
-----------------------------------------
| 500.00  |   22    |    1    |    4    |
| 1500.00 |    9    |    0    |    0    |
| 4500.00 |    3    |    0    |    0    |
|13500.00 |    1    |    0    |    0    |
-----------------------------------------
2023-03-27T08:34:18.759397+0200 DEBUG Collecting 1 of the 1 job(s) active.
2023-03-27T08:34:47.459654+0200 DEBUG Bracket ID 0:
| budget  | pending | waiting |  done   |
-----------------------------------------
| 500.00  |   21    |    1    |    5    |
| 1500.00 |    9    |    0    |    0    |
| 4500.00 |    3    |    0    |    0    |
|13500.00 |    1    |    0    |    0    |
-----------------------------------------
2023-03-27T08:34:47.466415+0200 DEBUG Collecting 1 of the 1 job(s) active.
2023-03-27T08:34:48.131010+0200 DEBUG Bracket ID 0:
| budget  | pending | waiting |  done   |
-----------------------------------------
| 500.00  |   20    |    1    |    6    |
| 1500.00 |    9    |    0    |    0    |
| 4500.00 |    3    |    0    |    0    |
|13500.00 |    1    |    0    |    0    |
-----------------------------------------
2023-03-27T08:34:48.134414+0200 DEBUG Collecting 1 of the 1 job(s) active.
2023-03-27T08:34:50.244842+0200 DEBUG Bracket ID 0:
| budget  | pending | waiting |  done   |
-----------------------------------------
| 500.00  |   19    |    1    |    7    |
| 1500.00 |    9    |    0    |    0    |
| 4500.00 |    3    |    0    |    0    |
|13500.00 |    1    |    0    |    0    |
-----------------------------------------
2023-03-27T08:34:50.248119+0200 DEBUG Collecting 1 of the 1 job(s) active.
2023-03-27T08:34:53.380547+0200 DEBUG Bracket ID 0:
| budget  | pending | waiting |  done   |
-----------------------------------------
| 500.00  |   18    |    1    |    8    |
| 1500.00 |    9    |    0    |    0    |
| 4500.00 |    3    |    0    |    0    |
|13500.00 |    1    |    0    |    0    |
-----------------------------------------
2023-03-27T08:34:53.387270+0200 DEBUG Collecting 1 of the 1 job(s) active.
2023-03-27T08:34:55.231498+0200 DEBUG Bracket ID 0:
| budget  | pending | waiting |  done   |
-----------------------------------------
| 500.00  |   17    |    1    |    9    |
| 1500.00 |    9    |    0    |    0    |
| 4500.00 |    3    |    0    |    0    |
|13500.00 |    1    |    0    |    0    |
-----------------------------------------
2023-03-27T08:34:55.236850+0200 DEBUG Collecting 1 of the 1 job(s) active.
2023-03-27T08:35:22.049322+0200 DEBUG Bracket ID 0:
| budget  | pending | waiting |  done   |
-----------------------------------------
| 500.00  |   16    |    1    |   10    |
| 1500.00 |    9    |    0    |    0    |
| 4500.00 |    3    |    0    |    0    |
|13500.00 |    1    |    0    |    0    |
-----------------------------------------
2023-03-27T08:35:22.055728+0200 DEBUG Collecting 1 of the 1 job(s) active.
2023-03-27T08:35:24.418310+0200 DEBUG Bracket ID 0:
| budget  | pending | waiting |  done   |
-----------------------------------------
| 500.00  |   15    |    1    |   11    |
| 1500.00 |    9    |    0    |    0    |
| 4500.00 |    3    |    0    |    0    |
|13500.00 |    1    |    0    |    0    |
-----------------------------------------
2023-03-27T08:35:24.425028+0200 DEBUG Collecting 1 of the 1 job(s) active.
2023-03-27T08:35:27.331826+0200 DEBUG Bracket ID 0:
| budget  | pending | waiting |  done   |
-----------------------------------------
| 500.00  |   14    |    1    |   12    |
| 1500.00 |    9    |    0    |    0    |
| 4500.00 |    3    |    0    |    0    |
|13500.00 |    1    |    0    |    0    |
-----------------------------------------
2023-03-27T08:35:27.338181+0200 DEBUG Collecting 1 of the 1 job(s) active.
2023-03-27T08:35:30.453508+0200 DEBUG Bracket ID 0:
| budget  | pending | waiting |  done   |
-----------------------------------------
| 500.00  |   13    |    1    |   13    |
| 1500.00 |    9    |    0    |    0    |
| 4500.00 |    3    |    0    |    0    |
|13500.00 |    1    |    0    |    0    |
-----------------------------------------
2023-03-27T08:35:30.457785+0200 DEBUG Collecting 1 of the 1 job(s) active.
2023-03-27T08:36:00.519107+0200 DEBUG Bracket ID 0:
| budget  | pending | waiting |  done   |
-----------------------------------------
| 500.00  |   12    |    1    |   14    |
| 1500.00 |    9    |    0    |    0    |
| 4500.00 |    3    |    0    |    0    |
|13500.00 |    1    |    0    |    0    |
-----------------------------------------
2023-03-27T08:36:00.525513+0200 DEBUG Collecting 1 of the 1 job(s) active.
2023-03-27T08:36:02.967389+0200 DEBUG Bracket ID 0:
| budget  | pending | waiting |  done   |
-----------------------------------------
| 500.00  |   11    |    1    |   15    |
| 1500.00 |    9    |    0    |    0    |
| 4500.00 |    3    |    0    |    0    |
|13500.00 |    1    |    0    |    0    |
-----------------------------------------
2023-03-27T08:36:02.973261+0200 DEBUG Collecting 1 of the 1 job(s) active.
2023-03-27T08:36:03.657948+0200 DEBUG Bracket ID 0:
| budget  | pending | waiting |  done   |
-----------------------------------------
| 500.00  |   10    |    1    |   16    |
| 1500.00 |    9    |    0    |    0    |
| 4500.00 |    3    |    0    |    0    |
|13500.00 |    1    |    0    |    0    |
-----------------------------------------
2023-03-27T08:36:03.664703+0200 DEBUG Collecting 1 of the 1 job(s) active.
2023-03-27T08:36:06.781180+0200 DEBUG Bracket ID 0:
| budget  | pending | waiting |  done   |
-----------------------------------------
| 500.00  |    9    |    1    |   17    |
| 1500.00 |    9    |    0    |    0    |
| 4500.00 |    3    |    0    |    0    |
|13500.00 |    1    |    0    |    0    |
-----------------------------------------
2023-03-27T08:36:06.788138+0200 DEBUG Collecting 1 of the 1 job(s) active.
2023-03-27T08:36:11.089805+0200 DEBUG Bracket ID 0:
| budget  | pending | waiting |  done   |
-----------------------------------------
| 500.00  |    8    |    1    |   18    |
| 1500.00 |    9    |    0    |    0    |
| 4500.00 |    3    |    0    |    0    |
|13500.00 |    1    |    0    |    0    |
-----------------------------------------
2023-03-27T08:36:11.094643+0200 DEBUG Collecting 1 of the 1 job(s) active.
2023-03-27T08:36:12.565675+0200 DEBUG Bracket ID 0:
| budget  | pending | waiting |  done   |
-----------------------------------------
| 500.00  |    7    |    1    |   19    |
| 1500.00 |    9    |    0    |    0    |
| 4500.00 |    3    |    0    |    0    |
|13500.00 |    1    |    0    |    0    |
-----------------------------------------
2023-03-27T08:36:12.569159+0200 DEBUG Collecting 1 of the 1 job(s) active.
2023-03-27T08:36:16.025341+0200 DEBUG Bracket ID 0:
| budget  | pending | waiting |  done   |
-----------------------------------------
| 500.00  |    6    |    1    |   20    |
| 1500.00 |    9    |    0    |    0    |
| 4500.00 |    3    |    0    |    0    |
|13500.00 |    1    |    0    |    0    |
-----------------------------------------
2023-03-27T08:36:16.030458+0200 DEBUG Collecting 1 of the 1 job(s) active.
2023-03-27T08:36:17.477176+0200 DEBUG Bracket ID 0:
| budget  | pending | waiting |  done   |
-----------------------------------------
| 500.00  |    5    |    1    |   21    |
| 1500.00 |    9    |    0    |    0    |
| 4500.00 |    3    |    0    |    0    |
|13500.00 |    1    |    0    |    0    |
-----------------------------------------
2023-03-27T08:36:17.482586+0200 DEBUG Collecting 1 of the 1 job(s) active.
2023-03-27T08:36:20.312413+0200 DEBUG Bracket ID 0:
| budget  | pending | waiting |  done   |
-----------------------------------------
| 500.00  |    4    |    1    |   22    |
| 1500.00 |    9    |    0    |    0    |
| 4500.00 |    3    |    0    |    0    |
|13500.00 |    1    |    0    |    0    |
-----------------------------------------
2023-03-27T08:36:20.316997+0200 DEBUG Collecting 1 of the 1 job(s) active.
2023-03-27T08:36:24.628786+0200 DEBUG Bracket ID 0:
| budget  | pending | waiting |  done   |
-----------------------------------------
| 500.00  |    3    |    1    |   23    |
| 1500.00 |    9    |    0    |    0    |
| 4500.00 |    3    |    0    |    0    |
|13500.00 |    1    |    0    |    0    |
-----------------------------------------
2023-03-27T08:36:24.634669+0200 DEBUG Collecting 1 of the 1 job(s) active.
2023-03-27T08:36:27.416351+0200 DEBUG Bracket ID 0:
| budget  | pending | waiting |  done   |
-----------------------------------------
| 500.00  |    2    |    1    |   24    |
| 1500.00 |    9    |    0    |    0    |
| 4500.00 |    3    |    0    |    0    |
|13500.00 |    1    |    0    |    0    |
-----------------------------------------
2023-03-27T08:36:27.422552+0200 DEBUG Collecting 1 of the 1 job(s) active.
2023-03-27T08:36:54.201028+0200 DEBUG Bracket ID 0:
| budget  | pending | waiting |  done   |
-----------------------------------------
| 500.00  |    1    |    1    |   25    |
| 1500.00 |    9    |    0    |    0    |
| 4500.00 |    3    |    0    |    0    |
|13500.00 |    1    |    0    |    0    |
-----------------------------------------
2023-03-27T08:36:54.207506+0200 DEBUG Collecting 1 of the 1 job(s) active.
2023-03-27T08:36:55.668071+0200 DEBUG Bracket ID 0:
| budget  | pending | waiting |  done   |
-----------------------------------------
| 500.00  |    0    |    1    |   26    |
| 1500.00 |    9    |    0    |    0    |
| 4500.00 |    3    |    0    |    0    |
|13500.00 |    1    |    0    |    0    |
-----------------------------------------
2023-03-27T08:36:55.674392+0200 DEBUG Collecting 1 of the 1 job(s) active.
2023-03-27T08:37:30.078449+0200 DEBUG Bracket ID 0:
| budget  | pending | waiting |  done   |
-----------------------------------------
| 500.00  |    0    |    0    |   27    |
| 1500.00 |    8    |    1    |    0    |
| 4500.00 |    3    |    0    |    0    |
|13500.00 |    1    |    0    |    0    |
-----------------------------------------
2023-03-27T08:37:30.085661+0200 DEBUG Collecting 1 of the 1 job(s) active.
2023-03-27T08:38:39.688433+0200 DEBUG Bracket ID 0:
| budget  | pending | waiting |  done   |
-----------------------------------------
|  10.00  |   26    |    1    |    0    |
|  30.00  |    9    |    0    |    0    |
|  90.00  |    3    |    0    |    0    |
| 270.00  |    1    |    0    |    0    |
-----------------------------------------
2023-03-27T08:38:39.694918+0200 DEBUG Collecting 1 of the 1 job(s) active.
2023-03-27T08:38:42.389001+0200 DEBUG Bracket ID 0:
| budget  | pending | waiting |  done   |
-----------------------------------------
|  10.00  |   25    |    1    |    1    |
|  30.00  |    9    |    0    |    0    |
|  90.00  |    3    |    0    |    0    |
| 270.00  |    1    |    0    |    0    |
-----------------------------------------
2023-03-27T08:38:42.396072+0200 DEBUG Collecting 1 of the 1 job(s) active.
2023-03-27T08:39:12.195783+0200 DEBUG Bracket ID 0:
| budget  | pending | waiting |  done   |
-----------------------------------------
|  10.00  |   24    |    1    |    2    |
|  30.00  |    9    |    0    |    0    |
|  90.00  |    3    |    0    |    0    |
| 270.00  |    1    |    0    |    0    |
-----------------------------------------
2023-03-27T08:39:12.202299+0200 DEBUG Collecting 1 of the 1 job(s) active.
2023-03-27T08:39:38.361126+0200 DEBUG Bracket ID 0:
| budget  | pending | waiting |  done   |
-----------------------------------------
|  10.00  |   23    |    1    |    3    |
|  30.00  |    9    |    0    |    0    |
|  90.00  |    3    |    0    |    0    |
| 270.00  |    1    |    0    |    0    |
-----------------------------------------
2023-03-27T08:39:38.367967+0200 DEBUG Collecting 1 of the 1 job(s) active.
2023-03-27T08:40:07.552864+0200 DEBUG Bracket ID 0:
| budget  | pending | waiting |  done   |
-----------------------------------------
|  10.00  |   22    |    1    |    4    |
|  30.00  |    9    |    0    |    0    |
|  90.00  |    3    |    0    |    0    |
| 270.00  |    1    |    0    |    0    |
-----------------------------------------
2023-03-27T08:40:07.559435+0200 DEBUG Collecting 1 of the 1 job(s) active.
2023-03-27T08:40:12.037122+0200 DEBUG Bracket ID 0:
| budget  | pending | waiting |  done   |
-----------------------------------------
|  10.00  |   21    |    1    |    5    |
|  30.00  |    9    |    0    |    0    |
|  90.00  |    3    |    0    |    0    |
| 270.00  |    1    |    0    |    0    |
-----------------------------------------
2023-03-27T08:40:12.043493+0200 DEBUG Collecting 1 of the 1 job(s) active.
2023-03-27T08:40:17.693370+0200 DEBUG Bracket ID 0:
| budget  | pending | waiting |  done   |
-----------------------------------------
|  10.00  |   20    |    1    |    6    |
|  30.00  |    9    |    0    |    0    |
|  90.00  |    3    |    0    |    0    |
| 270.00  |    1    |    0    |    0    |
-----------------------------------------
2023-03-27T08:40:17.700034+0200 DEBUG Collecting 1 of the 1 job(s) active.
2023-03-27T08:40:22.830670+0200 DEBUG Bracket ID 0:
| budget  | pending | waiting |  done   |
-----------------------------------------
|  10.00  |   19    |    1    |    7    |
|  30.00  |    9    |    0    |    0    |
|  90.00  |    3    |    0    |    0    |
| 270.00  |    1    |    0    |    0    |
-----------------------------------------
2023-03-27T08:40:22.837029+0200 DEBUG Collecting 1 of the 1 job(s) active.
2023-03-27T08:40:24.177437+0200 DEBUG Bracket ID 0:
| budget  | pending | waiting |  done   |
-----------------------------------------
|  10.00  |   18    |    1    |    8    |
|  30.00  |    9    |    0    |    0    |
|  90.00  |    3    |    0    |    0    |
| 270.00  |    1    |    0    |    0    |
-----------------------------------------
2023-03-27T08:40:24.183246+0200 DEBUG Collecting 1 of the 1 job(s) active.
2023-03-27T08:40:28.804223+0200 DEBUG Bracket ID 0:
| budget  | pending | waiting |  done   |
-----------------------------------------
|  10.00  |   17    |    1    |    9    |
|  30.00  |    9    |    0    |    0    |
|  90.00  |    3    |    0    |    0    |
| 270.00  |    1    |    0    |    0    |
-----------------------------------------
2023-03-27T08:40:28.810812+0200 DEBUG Collecting 1 of the 1 job(s) active.
2023-03-27T08:40:56.160951+0200 DEBUG Bracket ID 0:
| budget  | pending | waiting |  done   |
-----------------------------------------
|  10.00  |   16    |    1    |   10    |
|  30.00  |    9    |    0    |    0    |
|  90.00  |    3    |    0    |    0    |
| 270.00  |    1    |    0    |    0    |
-----------------------------------------
2023-03-27T08:40:56.167265+0200 DEBUG Collecting 1 of the 1 job(s) active.
2023-03-27T08:40:58.270250+0200 DEBUG Bracket ID 0:
| budget  | pending | waiting |  done   |
-----------------------------------------
|  10.00  |   15    |    1    |   11    |
|  30.00  |    9    |    0    |    0    |
|  90.00  |    3    |    0    |    0    |
| 270.00  |    1    |    0    |    0    |
-----------------------------------------
2023-03-27T08:40:58.276748+0200 DEBUG Collecting 1 of the 1 job(s) active.
2023-03-27T08:41:24.850172+0200 DEBUG Bracket ID 0:
| budget  | pending | waiting |  done   |
-----------------------------------------
|  10.00  |   14    |    1    |   12    |
|  30.00  |    9    |    0    |    0    |
|  90.00  |    3    |    0    |    0    |
| 270.00  |    1    |    0    |    0    |
-----------------------------------------
2023-03-27T08:41:24.857044+0200 DEBUG Collecting 1 of the 1 job(s) active.
2023-03-27T08:41:51.676026+0200 DEBUG Bracket ID 0:
| budget  | pending | waiting |  done   |
-----------------------------------------
|  10.00  |   13    |    1    |   13    |
|  30.00  |    9    |    0    |    0    |
|  90.00  |    3    |    0    |    0    |
| 270.00  |    1    |    0    |    0    |
-----------------------------------------
2023-03-27T08:41:51.682673+0200 DEBUG Collecting 1 of the 1 job(s) active.
2023-03-27T08:42:20.462888+0200 DEBUG Bracket ID 0:
| budget  | pending | waiting |  done   |
-----------------------------------------
|  10.00  |   12    |    1    |   14    |
|  30.00  |    9    |    0    |    0    |
|  90.00  |    3    |    0    |    0    |
| 270.00  |    1    |    0    |    0    |
-----------------------------------------
2023-03-27T08:42:20.469333+0200 DEBUG Collecting 1 of the 1 job(s) active.
2023-03-27T08:42:48.635737+0200 DEBUG Bracket ID 0:
| budget  | pending | waiting |  done   |
-----------------------------------------
|  10.00  |   11    |    1    |   15    |
|  30.00  |    9    |    0    |    0    |
|  90.00  |    3    |    0    |    0    |
| 270.00  |    1    |    0    |    0    |
-----------------------------------------
2023-03-27T08:42:48.641866+0200 DEBUG Collecting 1 of the 1 job(s) active.
2023-03-27T08:43:15.711312+0200 DEBUG Bracket ID 0:
| budget  | pending | waiting |  done   |
-----------------------------------------
|  10.00  |   10    |    1    |   16    |
|  30.00  |    9    |    0    |    0    |
|  90.00  |    3    |    0    |    0    |
| 270.00  |    1    |    0    |    0    |
-----------------------------------------
2023-03-27T08:43:15.716909+0200 DEBUG Collecting 1 of the 1 job(s) active.
2023-03-27T08:43:16.734240+0200 DEBUG Bracket ID 0:
| budget  | pending | waiting |  done   |
-----------------------------------------
|  10.00  |    9    |    1    |   17    |
|  30.00  |    9    |    0    |    0    |
|  90.00  |    3    |    0    |    0    |
| 270.00  |    1    |    0    |    0    |
-----------------------------------------
2023-03-27T08:43:16.741613+0200 DEBUG Collecting 1 of the 1 job(s) active.
2023-03-27T08:43:44.473063+0200 DEBUG Bracket ID 0:
| budget  | pending | waiting |  done   |
-----------------------------------------
|  10.00  |    8    |    1    |   18    |
|  30.00  |    9    |    0    |    0    |
|  90.00  |    3    |    0    |    0    |
| 270.00  |    1    |    0    |    0    |
-----------------------------------------
2023-03-27T08:43:44.479984+0200 DEBUG Collecting 1 of the 1 job(s) active.
2023-03-27T08:44:14.271318+0200 DEBUG Bracket ID 0:
| budget  | pending | waiting |  done   |
-----------------------------------------
|  10.00  |    7    |    1    |   19    |
|  30.00  |    9    |    0    |    0    |
|  90.00  |    3    |    0    |    0    |
| 270.00  |    1    |    0    |    0    |
-----------------------------------------
2023-03-27T08:44:14.277599+0200 DEBUG Collecting 1 of the 1 job(s) active.
2023-03-27T08:44:42.475860+0200 DEBUG Bracket ID 0:
| budget  | pending | waiting |  done   |
-----------------------------------------
|  10.00  |    6    |    1    |   20    |
|  30.00  |    9    |    0    |    0    |
|  90.00  |    3    |    0    |    0    |
| 270.00  |    1    |    0    |    0    |
-----------------------------------------
2023-03-27T08:44:42.482889+0200 DEBUG Collecting 1 of the 1 job(s) active.
2023-03-27T08:44:43.499178+0200 DEBUG Bracket ID 0:
| budget  | pending | waiting |  done   |
-----------------------------------------
|  10.00  |    5    |    1    |   21    |
|  30.00  |    9    |    0    |    0    |
|  90.00  |    3    |    0    |    0    |
| 270.00  |    1    |    0    |    0    |
-----------------------------------------
2023-03-27T08:44:43.506576+0200 DEBUG Collecting 1 of the 1 job(s) active.
2023-03-27T08:44:44.716980+0200 DEBUG Bracket ID 0:
| budget  | pending | waiting |  done   |
-----------------------------------------
|  10.00  |    4    |    1    |   22    |
|  30.00  |    9    |    0    |    0    |
|  90.00  |    3    |    0    |    0    |
| 270.00  |    1    |    0    |    0    |
-----------------------------------------
2023-03-27T08:44:44.724931+0200 DEBUG Collecting 1 of the 1 job(s) active.
2023-03-27T08:44:46.577836+0200 DEBUG Bracket ID 0:
| budget  | pending | waiting |  done   |
-----------------------------------------
|  10.00  |    3    |    1    |   23    |
|  30.00  |    9    |    0    |    0    |
|  90.00  |    3    |    0    |    0    |
| 270.00  |    1    |    0    |    0    |
-----------------------------------------
2023-03-27T08:44:46.584027+0200 DEBUG Collecting 1 of the 1 job(s) active.
2023-03-27T08:45:16.237368+0200 DEBUG Bracket ID 0:
| budget  | pending | waiting |  done   |
-----------------------------------------
|  10.00  |    2    |    1    |   24    |
|  30.00  |    9    |    0    |    0    |
|  90.00  |    3    |    0    |    0    |
| 270.00  |    1    |    0    |    0    |
-----------------------------------------
2023-03-27T08:45:16.243427+0200 DEBUG Collecting 1 of the 1 job(s) active.
2023-03-27T08:45:43.180635+0200 DEBUG Bracket ID 0:
| budget  | pending | waiting |  done   |
-----------------------------------------
|  10.00  |    1    |    1    |   25    |
|  30.00  |    9    |    0    |    0    |
|  90.00  |    3    |    0    |    0    |
| 270.00  |    1    |    0    |    0    |
-----------------------------------------
2023-03-27T08:45:43.187351+0200 DEBUG Collecting 1 of the 1 job(s) active.
2023-03-27T08:46:09.938349+0200 DEBUG Bracket ID 0:
| budget  | pending | waiting |  done   |
-----------------------------------------
|  10.00  |    0    |    1    |   26    |
|  30.00  |    9    |    0    |    0    |
|  90.00  |    3    |    0    |    0    |
| 270.00  |    1    |    0    |    0    |
-----------------------------------------
2023-03-27T08:46:09.944808+0200 DEBUG Collecting 1 of the 1 job(s) active.
2023-03-27T08:46:15.068117+0200 DEBUG Bracket ID 0:
| budget  | pending | waiting |  done   |
-----------------------------------------
|  10.00  |    0    |    0    |   27    |
|  30.00  |    8    |    1    |    0    |
|  90.00  |    3    |    0    |    0    |
| 270.00  |    1    |    0    |    0    |
-----------------------------------------
2023-03-27T08:46:15.074496+0200 DEBUG Collecting 1 of the 1 job(s) active.
2023-03-27T08:46:31.006593+0200 DEBUG Bracket ID 0:
| budget  | pending | waiting |  done   |
-----------------------------------------
|  10.00  |   26    |    1    |    0    |
|  30.00  |    9    |    0    |    0    |
|  90.00  |    3    |    0    |    0    |
| 270.00  |    1    |    0    |    0    |
-----------------------------------------
2023-03-27T08:46:31.013467+0200 DEBUG Collecting 1 of the 1 job(s) active.
2023-03-27T08:46:58.693056+0200 DEBUG Bracket ID 0:
| budget  | pending | waiting |  done   |
-----------------------------------------
|  10.00  |   25    |    1    |    1    |
|  30.00  |    9    |    0    |    0    |
|  90.00  |    3    |    0    |    0    |
| 270.00  |    1    |    0    |    0    |
-----------------------------------------
2023-03-27T08:46:58.699851+0200 DEBUG Collecting 1 of the 1 job(s) active.
2023-03-27T08:47:00.444962+0200 DEBUG Bracket ID 0:
| budget  | pending | waiting |  done   |
-----------------------------------------
|  10.00  |   24    |    1    |    2    |
|  30.00  |    9    |    0    |    0    |
|  90.00  |    3    |    0    |    0    |
| 270.00  |    1    |    0    |    0    |
-----------------------------------------
2023-03-27T08:47:00.451597+0200 DEBUG Collecting 1 of the 1 job(s) active.
2023-03-27T08:47:27.767979+0200 DEBUG Bracket ID 0:
| budget  | pending | waiting |  done   |
-----------------------------------------
|  10.00  |   23    |    1    |    3    |
|  30.00  |    9    |    0    |    0    |
|  90.00  |    3    |    0    |    0    |
| 270.00  |    1    |    0    |    0    |
-----------------------------------------
2023-03-27T08:47:27.774675+0200 DEBUG Collecting 1 of the 1 job(s) active.
2023-03-27T08:47:58.744486+0200 DEBUG Bracket ID 0:
| budget  | pending | waiting |  done   |
-----------------------------------------
|  10.00  |   22    |    1    |    4    |
|  30.00  |    9    |    0    |    0    |
|  90.00  |    3    |    0    |    0    |
| 270.00  |    1    |    0    |    0    |
-----------------------------------------
2023-03-27T08:47:58.751077+0200 DEBUG Collecting 1 of the 1 job(s) active.
2023-03-27T08:48:03.096556+0200 DEBUG Bracket ID 0:
| budget  | pending | waiting |  done   |
-----------------------------------------
|  10.00  |   21    |    1    |    5    |
|  30.00  |    9    |    0    |    0    |
|  90.00  |    3    |    0    |    0    |
| 270.00  |    1    |    0    |    0    |
-----------------------------------------
2023-03-27T08:48:03.102894+0200 DEBUG Collecting 1 of the 1 job(s) active.
2023-03-27T08:48:06.881329+0200 DEBUG Bracket ID 0:
| budget  | pending | waiting |  done   |
-----------------------------------------
|  10.00  |   20    |    1    |    6    |
|  30.00  |    9    |    0    |    0    |
|  90.00  |    3    |    0    |    0    |
| 270.00  |    1    |    0    |    0    |
-----------------------------------------
2023-03-27T08:48:06.887790+0200 DEBUG Collecting 1 of the 1 job(s) active.
2023-03-27T08:48:09.534250+0200 DEBUG Bracket ID 0:
| budget  | pending | waiting |  done   |
-----------------------------------------
|  10.00  |   19    |    1    |    7    |
|  30.00  |    9    |    0    |    0    |
|  90.00  |    3    |    0    |    0    |
| 270.00  |    1    |    0    |    0    |
-----------------------------------------
2023-03-27T08:48:09.540607+0200 DEBUG Collecting 1 of the 1 job(s) active.
2023-03-27T08:48:41.386247+0200 DEBUG Bracket ID 0:
| budget  | pending | waiting |  done   |
-----------------------------------------
|  10.00  |   18    |    1    |    8    |
|  30.00  |    9    |    0    |    0    |
|  90.00  |    3    |    0    |    0    |
| 270.00  |    1    |    0    |    0    |
-----------------------------------------
2023-03-27T08:48:41.392843+0200 DEBUG Collecting 1 of the 1 job(s) active.
2023-03-27T08:48:50.617130+0200 DEBUG Bracket ID 0:
| budget  | pending | waiting |  done   |
-----------------------------------------
|  10.00  |   17    |    1    |    9    |
|  30.00  |    9    |    0    |    0    |
|  90.00  |    3    |    0    |    0    |
| 270.00  |    1    |    0    |    0    |
-----------------------------------------
2023-03-27T08:48:50.623862+0200 DEBUG Collecting 1 of the 1 job(s) active.
2023-03-27T08:49:16.932307+0200 DEBUG Bracket ID 0:
| budget  | pending | waiting |  done   |
-----------------------------------------
|  10.00  |   16    |    1    |   10    |
|  30.00  |    9    |    0    |    0    |
|  90.00  |    3    |    0    |    0    |
| 270.00  |    1    |    0    |    0    |
-----------------------------------------
2023-03-27T08:49:16.938964+0200 DEBUG Collecting 1 of the 1 job(s) active.
2023-03-27T08:49:46.441680+0200 DEBUG Bracket ID 0:
| budget  | pending | waiting |  done   |
-----------------------------------------
|  10.00  |   15    |    1    |   11    |
|  30.00  |    9    |    0    |    0    |
|  90.00  |    3    |    0    |    0    |
| 270.00  |    1    |    0    |    0    |
-----------------------------------------
2023-03-27T08:49:46.448470+0200 DEBUG Collecting 1 of the 1 job(s) active.
2023-03-27T08:50:16.514414+0200 DEBUG Bracket ID 0:
| budget  | pending | waiting |  done   |
-----------------------------------------
|  10.00  |   14    |    1    |   12    |
|  30.00  |    9    |    0    |    0    |
|  90.00  |    3    |    0    |    0    |
| 270.00  |    1    |    0    |    0    |
-----------------------------------------
2023-03-27T08:50:16.520790+0200 DEBUG Collecting 1 of the 1 job(s) active.
2023-03-27T08:50:20.678191+0200 DEBUG Bracket ID 0:
| budget  | pending | waiting |  done   |
-----------------------------------------
|  10.00  |   13    |    1    |   13    |
|  30.00  |    9    |    0    |    0    |
|  90.00  |    3    |    0    |    0    |
| 270.00  |    1    |    0    |    0    |
-----------------------------------------
2023-03-27T08:50:20.684511+0200 DEBUG Collecting 1 of the 1 job(s) active.
2023-03-27T08:50:26.598832+0200 DEBUG Bracket ID 0:
| budget  | pending | waiting |  done   |
-----------------------------------------
|  10.00  |   12    |    1    |   14    |
|  30.00  |    9    |    0    |    0    |
|  90.00  |    3    |    0    |    0    |
| 270.00  |    1    |    0    |    0    |
-----------------------------------------
2023-03-27T08:50:26.605723+0200 DEBUG Collecting 1 of the 1 job(s) active.
2023-03-27T08:50:54.370054+0200 DEBUG Bracket ID 0:
| budget  | pending | waiting |  done   |
-----------------------------------------
|  10.00  |   11    |    1    |   15    |
|  30.00  |    9    |    0    |    0    |
|  90.00  |    3    |    0    |    0    |
| 270.00  |    1    |    0    |    0    |
-----------------------------------------
2023-03-27T08:50:54.376783+0200 DEBUG Collecting 1 of the 1 job(s) active.
2023-03-27T08:50:55.880175+0200 DEBUG Bracket ID 0:
| budget  | pending | waiting |  done   |
-----------------------------------------
|  10.00  |   10    |    1    |   16    |
|  30.00  |    9    |    0    |    0    |
|  90.00  |    3    |    0    |    0    |
| 270.00  |    1    |    0    |    0    |
-----------------------------------------
2023-03-27T08:50:55.886948+0200 DEBUG Collecting 1 of the 1 job(s) active.
2023-03-27T08:51:28.923223+0200 DEBUG Bracket ID 0:
| budget  | pending | waiting |  done   |
-----------------------------------------
|  10.00  |    9    |    1    |   17    |
|  30.00  |    9    |    0    |    0    |
|  90.00  |    3    |    0    |    0    |
| 270.00  |    1    |    0    |    0    |
-----------------------------------------
2023-03-27T08:51:28.929794+0200 DEBUG Collecting 1 of the 1 job(s) active.
2023-03-27T08:51:35.387836+0200 DEBUG Bracket ID 0:
| budget  | pending | waiting |  done   |
-----------------------------------------
|  10.00  |    8    |    1    |   18    |
|  30.00  |    9    |    0    |    0    |
|  90.00  |    3    |    0    |    0    |
| 270.00  |    1    |    0    |    0    |
-----------------------------------------
2023-03-27T08:51:35.394523+0200 DEBUG Collecting 1 of the 1 job(s) active.
2023-03-27T08:51:37.442435+0200 DEBUG Bracket ID 0:
| budget  | pending | waiting |  done   |
-----------------------------------------
|  10.00  |    7    |    1    |   19    |
|  30.00  |    9    |    0    |    0    |
|  90.00  |    3    |    0    |    0    |
| 270.00  |    1    |    0    |    0    |
-----------------------------------------
2023-03-27T08:51:37.449117+0200 DEBUG Collecting 1 of the 1 job(s) active.
2023-03-27T08:51:38.837318+0200 DEBUG Bracket ID 0:
| budget  | pending | waiting |  done   |
-----------------------------------------
|  10.00  |    6    |    1    |   20    |
|  30.00  |    9    |    0    |    0    |
|  90.00  |    3    |    0    |    0    |
| 270.00  |    1    |    0    |    0    |
-----------------------------------------
2023-03-27T08:51:38.843769+0200 DEBUG Collecting 1 of the 1 job(s) active.
2023-03-27T08:51:42.660063+0200 DEBUG Bracket ID 0:
| budget  | pending | waiting |  done   |
-----------------------------------------
|  10.00  |    5    |    1    |   21    |
|  30.00  |    9    |    0    |    0    |
|  90.00  |    3    |    0    |    0    |
| 270.00  |    1    |    0    |    0    |
-----------------------------------------
2023-03-27T08:51:42.666493+0200 DEBUG Collecting 1 of the 1 job(s) active.
2023-03-27T08:51:46.125711+0200 DEBUG Bracket ID 0:
| budget  | pending | waiting |  done   |
-----------------------------------------
|  10.00  |    4    |    1    |   22    |
|  30.00  |    9    |    0    |    0    |
|  90.00  |    3    |    0    |    0    |
| 270.00  |    1    |    0    |    0    |
-----------------------------------------
2023-03-27T08:51:46.132236+0200 DEBUG Collecting 1 of the 1 job(s) active.
2023-03-27T08:52:15.406593+0200 DEBUG Bracket ID 0:
| budget  | pending | waiting |  done   |
-----------------------------------------
|  10.00  |    3    |    1    |   23    |
|  30.00  |    9    |    0    |    0    |
|  90.00  |    3    |    0    |    0    |
| 270.00  |    1    |    0    |    0    |
-----------------------------------------
2023-03-27T08:52:15.413368+0200 DEBUG Collecting 1 of the 1 job(s) active.
2023-03-27T08:52:47.860571+0200 DEBUG Bracket ID 0:
| budget  | pending | waiting |  done   |
-----------------------------------------
|  10.00  |    2    |    1    |   24    |
|  30.00  |    9    |    0    |    0    |
|  90.00  |    3    |    0    |    0    |
| 270.00  |    1    |    0    |    0    |
-----------------------------------------
2023-03-27T08:52:47.867485+0200 DEBUG Collecting 1 of the 1 job(s) active.
2023-03-27T08:52:50.490398+0200 DEBUG Bracket ID 0:
| budget  | pending | waiting |  done   |
-----------------------------------------
|  10.00  |    1    |    1    |   25    |
|  30.00  |    9    |    0    |    0    |
|  90.00  |    3    |    0    |    0    |
| 270.00  |    1    |    0    |    0    |
-----------------------------------------
2023-03-27T08:52:50.497028+0200 DEBUG Collecting 1 of the 1 job(s) active.
2023-03-27T08:53:25.160719+0200 DEBUG Bracket ID 0:
| budget  | pending | waiting |  done   |
-----------------------------------------
|  10.00  |    0    |    1    |   26    |
|  30.00  |    9    |    0    |    0    |
|  90.00  |    3    |    0    |    0    |
| 270.00  |    1    |    0    |    0    |
-----------------------------------------
2023-03-27T08:53:25.167629+0200 DEBUG Collecting 1 of the 1 job(s) active.
2023-03-27T08:53:42.541966+0200 DEBUG Bracket ID 0:
| budget  | pending | waiting |  done   |
-----------------------------------------
|  10.00  |    0    |    0    |   27    |
|  30.00  |    8    |    1    |    0    |
|  90.00  |    3    |    0    |    0    |
| 270.00  |    1    |    0    |    0    |
-----------------------------------------
2023-03-27T08:53:42.548537+0200 DEBUG Collecting 1 of the 1 job(s) active.
2023-03-27T08:53:58.867035+0200 DEBUG Bracket ID 0:
| budget  | pending | waiting |  done   |
-----------------------------------------
|  10.00  |    0    |    0    |   27    |
|  30.00  |    7    |    1    |    1    |
|  90.00  |    3    |    0    |    0    |
| 270.00  |    1    |    0    |    0    |
-----------------------------------------
2023-03-27T08:53:58.873294+0200 DEBUG Collecting 1 of the 1 job(s) active.
2023-03-27T08:54:09.475546+0200 DEBUG Bracket ID 0:
| budget  | pending | waiting |  done   |
-----------------------------------------
|  10.00  |    0    |    0    |   27    |
|  30.00  |    6    |    1    |    2    |
|  90.00  |    3    |    0    |    0    |
| 270.00  |    1    |    0    |    0    |
-----------------------------------------
2023-03-27T08:54:09.481908+0200 DEBUG Collecting 1 of the 1 job(s) active.
2023-03-27T08:54:54.379384+0200 DEBUG Bracket ID 0:
| budget  | pending | waiting |  done   |
-----------------------------------------
|  10.00  |    0    |    0    |   27    |
|  30.00  |    5    |    1    |    3    |
|  90.00  |    3    |    0    |    0    |
| 270.00  |    1    |    0    |    0    |
-----------------------------------------
2023-03-27T08:54:54.386252+0200 DEBUG Collecting 1 of the 1 job(s) active.
2023-03-27T08:55:47.833803+0200 DEBUG Bracket ID 0:
| budget  | pending | waiting |  done   |
-----------------------------------------
| 500.00  |   26    |    1    |    0    |
| 1500.00 |    9    |    0    |    0    |
| 4500.00 |    3    |    0    |    0    |
|13500.00 |    1    |    0    |    0    |
-----------------------------------------
2023-03-27T08:55:47.840660+0200 DEBUG Collecting 1 of the 1 job(s) active.
2023-03-27T08:55:49.223548+0200 DEBUG Bracket ID 0:
| budget  | pending | waiting |  done   |
-----------------------------------------
| 500.00  |   25    |    1    |    1    |
| 1500.00 |    9    |    0    |    0    |
| 4500.00 |    3    |    0    |    0    |
|13500.00 |    1    |    0    |    0    |
-----------------------------------------
2023-03-27T08:55:49.230304+0200 DEBUG Collecting 1 of the 1 job(s) active.
2023-03-27T08:56:21.463240+0200 DEBUG Bracket ID 0:
| budget  | pending | waiting |  done   |
-----------------------------------------
| 500.00  |   24    |    1    |    2    |
| 1500.00 |    9    |    0    |    0    |
| 4500.00 |    3    |    0    |    0    |
|13500.00 |    1    |    0    |    0    |
-----------------------------------------
2023-03-27T08:56:21.471765+0200 DEBUG Collecting 1 of the 1 job(s) active.
2023-03-27T08:56:49.992909+0200 DEBUG Bracket ID 0:
| budget  | pending | waiting |  done   |
-----------------------------------------
| 500.00  |   23    |    1    |    3    |
| 1500.00 |    9    |    0    |    0    |
| 4500.00 |    3    |    0    |    0    |
|13500.00 |    1    |    0    |    0    |
-----------------------------------------
2023-03-27T08:56:50.000921+0200 DEBUG Collecting 1 of the 1 job(s) active.
2023-03-27T08:57:17.916599+0200 DEBUG Bracket ID 0:
| budget  | pending | waiting |  done   |
-----------------------------------------
| 500.00  |   22    |    1    |    4    |
| 1500.00 |    9    |    0    |    0    |
| 4500.00 |    3    |    0    |    0    |
|13500.00 |    1    |    0    |    0    |
-----------------------------------------
2023-03-27T08:57:17.923117+0200 DEBUG Collecting 1 of the 1 job(s) active.
2023-03-27T08:57:20.200861+0200 DEBUG Bracket ID 0:
| budget  | pending | waiting |  done   |
-----------------------------------------
| 500.00  |   21    |    1    |    5    |
| 1500.00 |    9    |    0    |    0    |
| 4500.00 |    3    |    0    |    0    |
|13500.00 |    1    |    0    |    0    |
-----------------------------------------
2023-03-27T08:57:20.207342+0200 DEBUG Collecting 1 of the 1 job(s) active.
2023-03-27T08:57:24.233477+0200 DEBUG Bracket ID 0:
| budget  | pending | waiting |  done   |
-----------------------------------------
| 500.00  |   20    |    1    |    6    |
| 1500.00 |    9    |    0    |    0    |
| 4500.00 |    3    |    0    |    0    |
|13500.00 |    1    |    0    |    0    |
-----------------------------------------
2023-03-27T08:57:24.240183+0200 DEBUG Collecting 1 of the 1 job(s) active.
2023-03-27T08:57:52.835367+0200 DEBUG Bracket ID 0:
| budget  | pending | waiting |  done   |
-----------------------------------------
| 500.00  |   19    |    1    |    7    |
| 1500.00 |    9    |    0    |    0    |
| 4500.00 |    3    |    0    |    0    |
|13500.00 |    1    |    0    |    0    |
-----------------------------------------
2023-03-27T08:57:52.841954+0200 DEBUG Collecting 1 of the 1 job(s) active.
2023-03-27T08:58:21.189875+0200 DEBUG Bracket ID 0:
| budget  | pending | waiting |  done   |
-----------------------------------------
| 500.00  |   18    |    1    |    8    |
| 1500.00 |    9    |    0    |    0    |
| 4500.00 |    3    |    0    |    0    |
|13500.00 |    1    |    0    |    0    |
-----------------------------------------
2023-03-27T08:58:21.196713+0200 DEBUG Collecting 1 of the 1 job(s) active.
2023-03-27T08:58:23.655433+0200 DEBUG Bracket ID 0:
| budget  | pending | waiting |  done   |
-----------------------------------------
| 500.00  |   17    |    1    |    9    |
| 1500.00 |    9    |    0    |    0    |
| 4500.00 |    3    |    0    |    0    |
|13500.00 |    1    |    0    |    0    |
-----------------------------------------
2023-03-27T08:58:23.662006+0200 DEBUG Collecting 1 of the 1 job(s) active.
2023-03-27T08:58:52.679151+0200 DEBUG Bracket ID 0:
| budget  | pending | waiting |  done   |
-----------------------------------------
| 500.00  |   16    |    1    |   10    |
| 1500.00 |    9    |    0    |    0    |
| 4500.00 |    3    |    0    |    0    |
|13500.00 |    1    |    0    |    0    |
-----------------------------------------
2023-03-27T08:58:52.686148+0200 DEBUG Collecting 1 of the 1 job(s) active.
2023-03-27T08:59:22.294323+0200 DEBUG Bracket ID 0:
| budget  | pending | waiting |  done   |
-----------------------------------------
| 500.00  |   15    |    1    |   11    |
| 1500.00 |    9    |    0    |    0    |
| 4500.00 |    3    |    0    |    0    |
|13500.00 |    1    |    0    |    0    |
-----------------------------------------
2023-03-27T08:59:22.301015+0200 DEBUG Collecting 1 of the 1 job(s) active.
2023-03-27T08:59:49.946293+0200 DEBUG Bracket ID 0:
| budget  | pending | waiting |  done   |
-----------------------------------------
| 500.00  |   14    |    1    |   12    |
| 1500.00 |    9    |    0    |    0    |
| 4500.00 |    3    |    0    |    0    |
|13500.00 |    1    |    0    |    0    |
-----------------------------------------
2023-03-27T08:59:49.953114+0200 DEBUG Collecting 1 of the 1 job(s) active.
